[35m[Appium][39m Welcome to Appium v1.22.3
[35m[Appium][39m Non-default server args:
[35m[Appium][39m   port: 58375
[35m[Appium][39m   loglevel: info
[35m[Appium][39m   tmpDir: C:\Users\acer\AppData\Local\Temp\\Katalon\Appium\Temp1667288637144
[35m[Appium][39m   chromedriverPort: 58376
[35m[Appium][39m Deprecated server args:
[35m[Appium][39m   [31m--chromedriver-port[39m => --default-capabilities
[35m[Appium][39m Default capabilities, which will be added to each request unless overridden by desired capabilities:
[35m[Appium][39m   chromedriverPort: 58376
[35m[Appium][39m Appium REST http interface listener started on 0.0.0.0:58375
[35m[HTTP][39m [37m-->[39m [37mGET[39m [37m/wd/hub/status[39m
[35m[HTTP][39m [90m{}[39m
[35m[HTTP][39m [37m<-- GET /wd/hub/status [39m[32m200[39m [90m9 ms - 68[39m
[35m[HTTP][39m [90m[39m
[35m[HTTP][39m [37m-->[39m [37mPOST[39m [37m/wd/hub/session[39m
[35m[HTTP][39m [90m{"desiredCapabilities":{"app":"C:\\Users\\acer\\AppData\\Roaming\\npm\\node_modules\\appium\\testingggg\\EduApp\\calculator.apk","noReset":true,"deviceId":"","deviceName":"samsung SM-J610F (Android 10)","fullReset":false,"platform":"ANDROID","newCommandTimeout":1800,"platformVersion":"10","automationName":"uiautomator2","autoGrantPermissions":true,"platformName":"Android","udid":"aeefd8b1","systemPort":58374},"capabilities":{"firstMatch":[{"appium:app":"C:\\Users\\acer\\AppData\\Roaming\\npm\\node_modules\\appium\\testingggg\\EduApp\\calculator.apk","appium:autoGrantPermissions":true,"appium:automationName":"uiautomator2","deviceId":"","appium:deviceName":"samsung SM-J610F (Android 10)","appium:fullReset":false,"appium:newCommandTimeout":1800,"appium:noReset":true,"platform":"ANDROID","platformName":"android","appium:platformVersion":"10","appium:systemPort":58374,"appium:udid":"aeefd8b1"}]}}[39m
[35m[BaseDriver][39m The following capabilities are not standard capabilities and should have an extension prefix:
[35m[BaseDriver][39m   deviceId
[35m[BaseDriver][39m   platform
[35m[BaseDriver][39m   chromedriverPort
[35m[Appium][39m Appium v1.22.3 creating new AndroidUiautomator2Driver (v1.70.1) session
[35m[BaseDriver][39m The following capabilities were provided, but are not recognized by Appium:
[35m[BaseDriver][39m   deviceId
[35m[BaseDriver][39m   platform
[35m[BaseDriver][39m Session created with session id: 9c92fa65-b0a3-499b-ae4d-2d8c7641f1eb
[35m[BaseDriver][39m Using local app 'C:\Users\acer\AppData\Roaming\npm\node_modules\appium\testingggg\EduApp\calculator.apk'
[35m[ADB][39m Found 1 'build-tools' folders under 'C:\Users\acer\.katalon\tools\android_sdk' (newest first):
[35m[ADB][39m     C:/Users/acer/.katalon/tools/android_sdk/build-tools/29.0.3
[35m[ADB][39m Using 'adb.exe' from 'C:\Users\acer\.katalon\tools\android_sdk\platform-tools\adb.exe'
[35m[AndroidDriver][39m Retrieving device list
[35m[AndroidDriver][39m Using device: aeefd8b1
[35m[ADB][39m Using 'adb.exe' from 'C:\Users\acer\.katalon\tools\android_sdk\platform-tools\adb.exe'
[35m[ADB][39m Getting device platform version
[35m[UiAutomator2][39m Relaxing hidden api policy
[35m[ADB][39m Package name: 'com.google.android.calculator'
[35m[ADB][39m Main activity name: 'com.android.calculator2.Calculator'
[35m[ADB][39m Using 'apksigner.jar' from 'C:\Users\acer\.katalon\tools\android_sdk\build-tools\29.0.3\lib\apksigner.jar'
[35m[ADB][39m 'C:\Users\acer\AppData\Roaming\npm\node_modules\appium\node_modules\appium-uiautomator2-server\apks\appium-uiautomator2-server-v4.27.0.apk' is signed with the default certificate
[35m[ADB][39m 'C:\Users\acer\AppData\Roaming\npm\node_modules\appium\node_modules\appium-uiautomator2-server\apks\appium-uiautomator2-server-debug-androidTest.apk' is signed with the default certificate
[35m[UiAutomator2][39m Server packages are not going to be (re)installed
[35m[ADB][39m Adding packages ["io.appium.settings","io.appium.uiautomator2.server","io.appium.uiautomator2.server.test"] to Doze whitelist
[35m[ADB][39m 'C:\Users\acer\AppData\Roaming\npm\node_modules\appium\testingggg\EduApp\calculator.apk' is signed with a non-default certificate
[35m[UiAutomator2][39m Starting UIAutomator2 server 4.27.0
[35m[UiAutomator2][39m Using UIAutomator2 server from 'C:\Users\acer\AppData\Roaming\npm\node_modules\appium\node_modules\appium-uiautomator2-server\apks\appium-uiautomator2-server-v4.27.0.apk' and test from 'C:\Users\acer\AppData\Roaming\npm\node_modules\appium\node_modules\appium-uiautomator2-server\apks\appium-uiautomator2-server-debug-androidTest.apk'
[35m[UiAutomator2][39m Waiting up to 30000ms for UiAutomator2 to be online...
[35m[WD Proxy][39m socket hang up
[35m[WD Proxy][39m socket hang up
[35m[WD Proxy][39m socket hang up
[35m[WD Proxy][39m socket hang up
[35m[WD Proxy][39m socket hang up
[35m[WD Proxy][39m socket hang up
[35m[WD Proxy][39m socket hang up
[35m[WD Proxy][39m socket hang up
[35m[WD Proxy][39m Determined the downstream protocol as 'W3C'
[35m[AndroidDriver][39m Screen already unlocked, doing nothing
[35m[UiAutomator2][39m Starting 'com.google.android.calculator/com.android.calculator2.Calculator and waiting for 'com.google.android.calculator/com.android.calculator2.Calculator'
[35m[Appium][39m New AndroidUiautomator2Driver session created successfully, session 9c92fa65-b0a3-499b-ae4d-2d8c7641f1eb added to master session list
[35m[HTTP][39m [37m<-- POST /wd/hub/session [39m[32m200[39m [90m19431 ms - 1370[39m
[35m[HTTP][39m [90m[39m
[35m[HTTP][39m [37m-->[39m [37mGET[39m [37m/wd/hub/session/9c92fa65-b0a3-499b-ae4d-2d8c7641f1eb[39m
[35m[HTTP][39m [90m{}[39m
[35m[HTTP][39m [37m<-- GET /wd/hub/session/9c92fa65-b0a3-499b-ae4d-2d8c7641f1eb [39m[32m200[39m [90m21 ms - 1324[39m
[35m[HTTP][39m [90m[39m
[35m[HTTP][39m [37m-->[39m [37mGET[39m [37m/wd/hub/session/9c92fa65-b0a3-499b-ae4d-2d8c7641f1eb[39m
[35m[HTTP][39m [90m{}[39m
[35m[HTTP][39m [37m<-- GET /wd/hub/session/9c92fa65-b0a3-499b-ae4d-2d8c7641f1eb [39m[32m200[39m [90m18 ms - 1324[39m
[35m[HTTP][39m [90m[39m
[35m[HTTP][39m [37m-->[39m [37mGET[39m [37m/wd/hub/status[39m
[35m[HTTP][39m [90m{}[39m
[35m[HTTP][39m [37m<-- GET /wd/hub/status [39m[32m200[39m [90m1 ms - 68[39m
[35m[HTTP][39m [90m[39m
[35m[HTTP][39m [37m-->[39m [37mPOST[39m [37m/wd/hub/session/9c92fa65-b0a3-499b-ae4d-2d8c7641f1eb/timeouts[39m
[35m[HTTP][39m [90m{"implicit":30000}[39m
[35m[HTTP][39m [37m<-- POST /wd/hub/session/9c92fa65-b0a3-499b-ae4d-2d8c7641f1eb/timeouts [39m[32m200[39m [90m4 ms - 14[39m
[35m[HTTP][39m [90m[39m
[35m[HTTP][39m [37m-->[39m [37mGET[39m [37m/wd/hub/session/9c92fa65-b0a3-499b-ae4d-2d8c7641f1eb/screenshot[39m
[35m[HTTP][39m [90m{}[39m
[35m[HTTP][39m [37m<-- GET /wd/hub/session/9c92fa65-b0a3-499b-ae4d-2d8c7641f1eb/screenshot [39m[32m200[39m [90m882 ms - 100238[39m
[35m[HTTP][39m [90m[39m
[35m[HTTP][39m [37m-->[39m [37mGET[39m [37m/wd/hub/session/9c92fa65-b0a3-499b-ae4d-2d8c7641f1eb/window/rect[39m
[35m[HTTP][39m [90m{}[39m
[35m[HTTP][39m [37m<-- GET /wd/hub/session/9c92fa65-b0a3-499b-ae4d-2d8c7641f1eb/window/rect [39m[32m200[39m [90m34 ms - 49[39m
[35m[HTTP][39m [90m[39m
[35m[HTTP][39m [37m-->[39m [37mGET[39m [37m/wd/hub/session/9c92fa65-b0a3-499b-ae4d-2d8c7641f1eb/appium/device/system_bars[39m
[35m[HTTP][39m [90m{}[39m
[35m[HTTP][39m [37m<-- GET /wd/hub/session/9c92fa65-b0a3-499b-ae4d-2d8c7641f1eb/appium/device/system_bars [39m[32m200[39m [90m140 ms - 145[39m
[35m[HTTP][39m [90m[39m
[35m[HTTP][39m [37m-->[39m [37mPOST[39m [37m/wd/hub/session/9c92fa65-b0a3-499b-ae4d-2d8c7641f1eb/timeouts[39m
[35m[HTTP][39m [90m{"implicit":50}[39m
[35m[HTTP][39m [37m<-- POST /wd/hub/session/9c92fa65-b0a3-499b-ae4d-2d8c7641f1eb/timeouts [39m[32m200[39m [90m3 ms - 14[39m
[35m[HTTP][39m [90m[39m
[35m[HTTP][39m [37m-->[39m [37mGET[39m [37m/wd/hub/session/9c92fa65-b0a3-499b-ae4d-2d8c7641f1eb/window/rect[39m
[35m[HTTP][39m [90m{}[39m
[35m[HTTP][39m [37m<-- GET /wd/hub/session/9c92fa65-b0a3-499b-ae4d-2d8c7641f1eb/window/rect [39m[32m200[39m [90m26 ms - 49[39m
[35m[HTTP][39m [90m[39m
[35m[HTTP][39m [37m-->[39m [37mPOST[39m [37m/wd/hub/session/9c92fa65-b0a3-499b-ae4d-2d8c7641f1eb/elements[39m
[35m[HTTP][39m [90m{"using":"xpath","value":"//*[@class = 'android.widget.Button' and (@text = '8' or . = '8') and @resource-id = 'com.google.android.calculator:id/digit_8']"}[39m
[35m[HTTP][39m [37m<-- POST /wd/hub/session/9c92fa65-b0a3-499b-ae4d-2d8c7641f1eb/elements [39m[32m200[39m [90m1284 ms - 139[39m
[35m[HTTP][39m [90m[39m
[35m[HTTP][39m [37m-->[39m [37mGET[39m [37m/wd/hub/session/9c92fa65-b0a3-499b-ae4d-2d8c7641f1eb/element/00000000-0000-007f-ffff-ffff0000005a/location[39m
[35m[HTTP][39m [90m{}[39m
[35m[W3C (9c92fa65)][39m Driver proxy active, passing request on via HTTP proxy
[35m[WD Proxy][39m Replacing sessionId 7efadfb1-2aa0-4641-af6a-9301519068fe with 9c92fa65-b0a3-499b-ae4d-2d8c7641f1eb
[35m[HTTP][39m [37m<-- GET /wd/hub/session/9c92fa65-b0a3-499b-ae4d-2d8c7641f1eb/element/00000000-0000-007f-ffff-ffff0000005a/location [39m[32m200[39m [90m30 ms - 78[39m
[35m[HTTP][39m [90m[39m
[35m[HTTP][39m [37m-->[39m [37mPOST[39m [37m/wd/hub/session/9c92fa65-b0a3-499b-ae4d-2d8c7641f1eb/timeouts[39m
[35m[HTTP][39m [90m{"implicit":30000}[39m
[35m[HTTP][39m [37m<-- POST /wd/hub/session/9c92fa65-b0a3-499b-ae4d-2d8c7641f1eb/timeouts [39m[32m200[39m [90m1 ms - 14[39m
[35m[HTTP][39m [90m[39m
[35m[HTTP][39m [37m-->[39m [37mPOST[39m [37m/wd/hub/session/9c92fa65-b0a3-499b-ae4d-2d8c7641f1eb/element/00000000-0000-007f-ffff-ffff0000005a/click[39m
[35m[HTTP][39m [90m{"id":"00000000-0000-007f-ffff-ffff0000005a"}[39m
[35m[HTTP][39m [37m<-- POST /wd/hub/session/9c92fa65-b0a3-499b-ae4d-2d8c7641f1eb/element/00000000-0000-007f-ffff-ffff0000005a/click [39m[32m200[39m [90m743 ms - 14[39m
[35m[HTTP][39m [90m[39m
[35m[HTTP][39m [37m-->[39m [37mPOST[39m [37m/wd/hub/session/9c92fa65-b0a3-499b-ae4d-2d8c7641f1eb/timeouts[39m
[35m[HTTP][39m [90m{"implicit":50}[39m
[35m[HTTP][39m [37m<-- POST /wd/hub/session/9c92fa65-b0a3-499b-ae4d-2d8c7641f1eb/timeouts [39m[32m200[39m [90m1 ms - 14[39m
[35m[HTTP][39m [90m[39m
[35m[HTTP][39m [37m-->[39m [37mGET[39m [37m/wd/hub/session/9c92fa65-b0a3-499b-ae4d-2d8c7641f1eb/window/rect[39m
[35m[HTTP][39m [90m{}[39m
[35m[HTTP][39m [37m<-- GET /wd/hub/session/9c92fa65-b0a3-499b-ae4d-2d8c7641f1eb/window/rect [39m[32m200[39m [90m24 ms - 49[39m
[35m[HTTP][39m [90m[39m
[35m[HTTP][39m [37m-->[39m [37mPOST[39m [37m/wd/hub/session/9c92fa65-b0a3-499b-ae4d-2d8c7641f1eb/elements[39m
[35m[HTTP][39m [90m{"using":"xpath","value":"//*[@class = 'android.widget.Button' and (@text = '×' or . = '×') and @resource-id = 'com.google.android.calculator:id/op_mul']"}[39m
[35m[HTTP][39m [37m<-- POST /wd/hub/session/9c92fa65-b0a3-499b-ae4d-2d8c7641f1eb/elements [39m[32m200[39m [90m427 ms - 139[39m
[35m[HTTP][39m [90m[39m
[35m[HTTP][39m [37m-->[39m [37mGET[39m [37m/wd/hub/session/9c92fa65-b0a3-499b-ae4d-2d8c7641f1eb/element/00000000-0000-007f-ffff-ffff0000005c/location[39m
[35m[HTTP][39m [90m{}[39m
[35m[W3C (9c92fa65)][39m Driver proxy active, passing request on via HTTP proxy
[35m[WD Proxy][39m Replacing sessionId 7efadfb1-2aa0-4641-af6a-9301519068fe with 9c92fa65-b0a3-499b-ae4d-2d8c7641f1eb
[35m[HTTP][39m [37m<-- GET /wd/hub/session/9c92fa65-b0a3-499b-ae4d-2d8c7641f1eb/element/00000000-0000-007f-ffff-ffff0000005c/location [39m[32m200[39m [90m34 ms - 78[39m
[35m[HTTP][39m [90m[39m
[35m[HTTP][39m [37m-->[39m [37mPOST[39m [37m/wd/hub/session/9c92fa65-b0a3-499b-ae4d-2d8c7641f1eb/timeouts[39m
[35m[HTTP][39m [90m{"implicit":30000}[39m
[35m[HTTP][39m [37m<-- POST /wd/hub/session/9c92fa65-b0a3-499b-ae4d-2d8c7641f1eb/timeouts [39m[32m200[39m [90m2 ms - 14[39m
[35m[HTTP][39m [90m[39m
[35m[HTTP][39m [37m-->[39m [37mPOST[39m [37m/wd/hub/session/9c92fa65-b0a3-499b-ae4d-2d8c7641f1eb/element/00000000-0000-007f-ffff-ffff0000005c/click[39m
[35m[HTTP][39m [90m{"id":"00000000-0000-007f-ffff-ffff0000005c"}[39m
[35m[HTTP][39m [37m<-- POST /wd/hub/session/9c92fa65-b0a3-499b-ae4d-2d8c7641f1eb/element/00000000-0000-007f-ffff-ffff0000005c/click [39m[32m200[39m [90m575 ms - 14[39m
[35m[HTTP][39m [90m[39m
[35m[HTTP][39m [37m-->[39m [37mPOST[39m [37m/wd/hub/session/9c92fa65-b0a3-499b-ae4d-2d8c7641f1eb/timeouts[39m
[35m[HTTP][39m [90m{"implicit":50}[39m
[35m[HTTP][39m [37m<-- POST /wd/hub/session/9c92fa65-b0a3-499b-ae4d-2d8c7641f1eb/timeouts [39m[32m200[39m [90m1 ms - 14[39m
[35m[HTTP][39m [90m[39m
[35m[HTTP][39m [37m-->[39m [37mGET[39m [37m/wd/hub/session/9c92fa65-b0a3-499b-ae4d-2d8c7641f1eb/window/rect[39m
[35m[HTTP][39m [90m{}[39m
[35m[HTTP][39m [37m<-- GET /wd/hub/session/9c92fa65-b0a3-499b-ae4d-2d8c7641f1eb/window/rect [39m[32m200[39m [90m24 ms - 49[39m
[35m[HTTP][39m [90m[39m
[35m[HTTP][39m [37m-->[39m [37mPOST[39m [37m/wd/hub/session/9c92fa65-b0a3-499b-ae4d-2d8c7641f1eb/elements[39m
[35m[HTTP][39m [90m{"using":"xpath","value":"//*[@class = 'android.widget.Button' and (@text = '9' or . = '9') and @resource-id = 'com.google.android.calculator:id/digit_9']"}[39m
[35m[HTTP][39m [37m<-- POST /wd/hub/session/9c92fa65-b0a3-499b-ae4d-2d8c7641f1eb/elements [39m[32m200[39m [90m513 ms - 139[39m
[35m[HTTP][39m [90m[39m
[35m[HTTP][39m [37m-->[39m [37mGET[39m [37m/wd/hub/session/9c92fa65-b0a3-499b-ae4d-2d8c7641f1eb/element/00000000-0000-007f-ffff-ffff0000005b/location[39m
[35m[HTTP][39m [90m{}[39m
[35m[W3C (9c92fa65)][39m Driver proxy active, passing request on via HTTP proxy
[35m[WD Proxy][39m Replacing sessionId 7efadfb1-2aa0-4641-af6a-9301519068fe with 9c92fa65-b0a3-499b-ae4d-2d8c7641f1eb
[35m[HTTP][39m [37m<-- GET /wd/hub/session/9c92fa65-b0a3-499b-ae4d-2d8c7641f1eb/element/00000000-0000-007f-ffff-ffff0000005b/location [39m[32m200[39m [90m37 ms - 78[39m
[35m[HTTP][39m [90m[39m
[35m[HTTP][39m [37m-->[39m [37mPOST[39m [37m/wd/hub/session/9c92fa65-b0a3-499b-ae4d-2d8c7641f1eb/timeouts[39m
[35m[HTTP][39m [90m{"implicit":30000}[39m
[35m[HTTP][39m [37m<-- POST /wd/hub/session/9c92fa65-b0a3-499b-ae4d-2d8c7641f1eb/timeouts [39m[32m200[39m [90m1 ms - 14[39m
[35m[HTTP][39m [90m[39m
[35m[HTTP][39m [37m-->[39m [37mPOST[39m [37m/wd/hub/session/9c92fa65-b0a3-499b-ae4d-2d8c7641f1eb/element/00000000-0000-007f-ffff-ffff0000005b/click[39m
[35m[HTTP][39m [90m{"id":"00000000-0000-007f-ffff-ffff0000005b"}[39m
[35m[HTTP][39m [37m<-- POST /wd/hub/session/9c92fa65-b0a3-499b-ae4d-2d8c7641f1eb/element/00000000-0000-007f-ffff-ffff0000005b/click [39m[32m200[39m [90m677 ms - 14[39m
[35m[HTTP][39m [90m[39m
[35m[HTTP][39m [37m-->[39m [37mDELETE[39m [37m/wd/hub/session/9c92fa65-b0a3-499b-ae4d-2d8c7641f1eb[39m
[35m[HTTP][39m [90m{}[39m
[35m[Appium][39m Removing session 9c92fa65-b0a3-499b-ae4d-2d8c7641f1eb from our master session list
[35m[UiAutomator2][39m Restoring hidden api policy to the device default configuration
[35m[HTTP][39m [37m<-- DELETE /wd/hub/session/9c92fa65-b0a3-499b-ae4d-2d8c7641f1eb [39m[32m200[39m [90m558 ms - 14[39m
[35m[HTTP][39m [90m[39m
